        -:    0:Source:dominion.c
        -:    0:Graph:dominion.gcno
        -:    0:Data:dominion.gcda
        -:    0:Runs:3
        -:    0:Programs:3
        -:    1:#include "dominion_helpers.h"
        -:    2:#include "dominion.h"
        -:    3:#include "rngs.h"
        -:    4:#include <stdio.h>
        -:    5:#include <math.h>
        -:    6:#include <stdlib.h>
        -:    7:
       30:    8:int compare(const void* a, const void* b) {
       30:    9:  if (*(int*)a > *(int*)b)
    #####:   10:    return 1;
       30:   11:  if (*(int*)a < *(int*)b)
        8:   12:    return -1;
       22:   13:  return 0;
        -:   14:}
        -:   15:
    #####:   16:struct gameState* newGame() {
    #####:   17:  struct gameState* g = malloc(sizeof(struct gameState));
    #####:   18:  return g;
        -:   19:}
        -:   20:
    #####:   21:int* kingdomCards(int k1, int k2, int k3, int k4, int k5, int k6, int k7,
        -:   22:		  int k8, int k9, int k10) {
    #####:   23:  int* k = malloc(10 * sizeof(int));
    #####:   24:  k[0] = k1;
    #####:   25:  k[1] = k2;
    #####:   26:  k[2] = k3;
    #####:   27:  k[3] = k4;
    #####:   28:  k[4] = k5;
    #####:   29:  k[5] = k6;
    #####:   30:  k[6] = k7;
    #####:   31:  k[7] = k8;
    #####:   32:  k[8] = k9;
    #####:   33:  k[9] = k10;
    #####:   34:  return k;
        -:   35:}
        -:   36:
        1:   37:int initializeGame(int numPlayers, int kingdomCards[10], int randomSeed,
        -:   38:		   struct gameState *state) {
        -:   39:
        -:   40:  int i;
        -:   41:  int j;
        -:   42:  int it;
        -:   43:  //set up random number generator
        1:   44:  SelectStream(1);
        1:   45:  PutSeed((long)randomSeed);
        -:   46:
        -:   47:  //check number of players
        1:   48:  if (numPlayers > MAX_PLAYERS || numPlayers < 2)
        -:   49:    {
    #####:   50:      return -1;
        -:   51:    }
        -:   52:
        -:   53:  //set number of players
        1:   54:  state->numPlayers = numPlayers;
        -:   55:
        -:   56:  //check selected kingdom cards are different
       11:   57:  for (i = 0; i < 10; i++)
        -:   58:    {
      110:   59:      for (j = 0; j < 10; j++)
        -:   60:        {
      100:   61:	  if (j != i && kingdomCards[j] == kingdomCards[i])
        -:   62:	    {
    #####:   63:	      return -1;
        -:   64:	    }
        -:   65:        }
        -:   66:    }
        -:   67:
        -:   68:
        -:   69:  //initialize supply
        -:   70:  ///////////////////////////////
        -:   71:
        -:   72:  //set number of Curse cards
        1:   73:  if (numPlayers == 2)
        -:   74:    {
        1:   75:      state->supplyCount[curse] = 10;
        -:   76:    }
    #####:   77:  else if (numPlayers == 3)
        -:   78:    {
    #####:   79:      state->supplyCount[curse] = 20;
        -:   80:    }
        -:   81:  else
        -:   82:    {
    #####:   83:      state->supplyCount[curse] = 30;
        -:   84:    }
        -:   85:
        -:   86:  //set number of Victory cards
        1:   87:  if (numPlayers == 2)
        -:   88:    {
        1:   89:      state->supplyCount[estate] = 8;
        1:   90:      state->supplyCount[duchy] = 8;
        1:   91:      state->supplyCount[province] = 8;
        -:   92:    }
        -:   93:  else
        -:   94:    {
    #####:   95:      state->supplyCount[estate] = 12;
    #####:   96:      state->supplyCount[duchy] = 12;
    #####:   97:      state->supplyCount[province] = 12;
        -:   98:    }
        -:   99:
        -:  100:  //set number of Treasure cards
        1:  101:  state->supplyCount[copper] = 60 - (7 * numPlayers);
        1:  102:  state->supplyCount[silver] = 40;
        1:  103:  state->supplyCount[gold] = 30;
        -:  104:
        -:  105:  //set number of Kingdom cards
       21:  106:  for (i = adventurer; i <= treasure_map; i++)       	//loop all cards
        -:  107:    {
      176:  108:      for (j = 0; j < 10; j++)           		//loop chosen cards
        -:  109:	{
      164:  110:	  if (kingdomCards[j] == i)
        -:  111:	    {
        -:  112:	      //check if card is a 'Victory' Kingdom card
        8:  113:	      if (kingdomCards[j] == great_hall || kingdomCards[j] == gardens)
        -:  114:		{
    #####:  115:		  if (numPlayers == 2){
    #####:  116:		    state->supplyCount[i] = 8;
        -:  117:		  }
    #####:  118:		  else{ state->supplyCount[i] = 12; }
        -:  119:		}
        -:  120:	      else
        -:  121:		{
        8:  122:		  state->supplyCount[i] = 10;
        -:  123:		}
        8:  124:	      break;
        -:  125:	    }
        -:  126:	  else    //card is not in the set choosen for the game
        -:  127:	    {
      156:  128:	      state->supplyCount[i] = -1;
        -:  129:	    }
        -:  130:	}
        -:  131:
        -:  132:    }
        -:  133:
        -:  134:  ////////////////////////
        -:  135:  //supply intilization complete
        -:  136:
        -:  137:  //set player decks
        3:  138:  for (i = 0; i < numPlayers; i++)
        -:  139:    {
        2:  140:      state->deckCount[i] = 0;
        8:  141:      for (j = 0; j < 3; j++)
        -:  142:	{
        6:  143:	  state->deck[i][j] = estate;
        6:  144:	  state->deckCount[i]++;
        -:  145:	}
       16:  146:      for (j = 3; j < 10; j++)
        -:  147:	{
       14:  148:	  state->deck[i][j] = copper;
       14:  149:	  state->deckCount[i]++;
        -:  150:	}
        -:  151:    }
        -:  152:
        -:  153:  //shuffle player decks
        3:  154:  for (i = 0; i < numPlayers; i++)
        -:  155:    {
        2:  156:      if ( shuffle(i, state) < 0 )
        -:  157:	{
    #####:  158:	  return -1;
        -:  159:	}
        -:  160:    }
        -:  161:
        -:  162:  //draw player hands
        3:  163:  for (i = 0; i < numPlayers; i++)
        -:  164:    {
        -:  165:      //initialize hand size to zero
        2:  166:      state->handCount[i] = 0;
        2:  167:      state->discardCount[i] = 0;
        -:  168:      //draw 5 cards
        -:  169:      // for (j = 0; j < 5; j++)
        -:  170:      //	{
        -:  171:      //	  drawCard(i, state);
        -:  172:      //	}
        -:  173:    }
        -:  174:
        -:  175:  //set embargo tokens to 0 for all supply piles
       28:  176:  for (i = 0; i <= treasure_map; i++)
        -:  177:    {
       27:  178:      state->embargoTokens[i] = 0;
        -:  179:    }
        -:  180:
        -:  181:  //initialize first player's turn
        1:  182:  state->outpostPlayed = 0;
        1:  183:  state->phase = 0;
        1:  184:  state->numActions = 1;
        1:  185:  state->numBuys = 1;
        1:  186:  state->playedCardCount = 0;
        1:  187:  state->whoseTurn = 0;
        1:  188:  state->handCount[state->whoseTurn] = 0;
        -:  189:  //int it; move to top
        -:  190:
        -:  191:  //Moved draw cards to here, only drawing at the start of a turn
        6:  192:  for (it = 0; it < 5; it++){
        5:  193:    drawCard(state->whoseTurn, state);
        -:  194:  }
        -:  195:
        1:  196:  updateCoins(state->whoseTurn, state, 0);
        -:  197:
        1:  198:  return 0;
        -:  199:}
        -:  200:
        6:  201:int shuffle(int player, struct gameState *state) {
        -:  202:
        -:  203:
        -:  204:  int newDeck[MAX_DECK];
        6:  205:  int newDeckPos = 0;
        -:  206:  int card;
        -:  207:  int i;
        -:  208:
        6:  209:  if (state->deckCount[player] < 1)
        4:  210:    return -1;
        2:  211:  qsort ((void*)(state->deck[player]), state->deckCount[player], sizeof(int), compare);
        -:  212:  /* SORT CARDS IN DECK TO ENSURE DETERMINISM! */
        -:  213:
       24:  214:  while (state->deckCount[player] > 0) {
       20:  215:    card = floor(Random() * state->deckCount[player]);
       20:  216:    newDeck[newDeckPos] = state->deck[player][card];
       20:  217:    newDeckPos++;
       67:  218:    for (i = card; i < state->deckCount[player]-1; i++) {
       47:  219:      state->deck[player][i] = state->deck[player][i+1];
        -:  220:    }
       20:  221:    state->deckCount[player]--;
        -:  222:  }
       22:  223:  for (i = 0; i < newDeckPos; i++) {
       20:  224:    state->deck[player][i] = newDeck[i];
       20:  225:    state->deckCount[player]++;
        -:  226:  }
        -:  227:
        2:  228:  return 0;
        -:  229:}
        -:  230:
    #####:  231:int playCard(int handPos, int choice1, int choice2, int choice3, struct gameState *state)
        -:  232:{
        -:  233:  int card;
    #####:  234:  int coin_bonus = 0; 		//tracks coins gain from actions
        -:  235:
        -:  236:  //check if it is the right phase
    #####:  237:  if (state->phase != 0)
        -:  238:    {
    #####:  239:      return -1;
        -:  240:    }
        -:  241:
        -:  242:  //check if player has enough actions
    #####:  243:  if ( state->numActions < 1 )
        -:  244:    {
    #####:  245:      return -1;
        -:  246:    }
        -:  247:
        -:  248:  //get card played
    #####:  249:  card = handCard(handPos, state);
        -:  250:
        -:  251:  //check if selected card is an action
    #####:  252:  if ( card < adventurer || card > treasure_map )
        -:  253:    {
    #####:  254:      return -1;
        -:  255:    }
        -:  256:
        -:  257:  //play card
    #####:  258:  if ( cardEffect(card, choice1, choice2, choice3, state, handPos, &coin_bonus) < 0 )
        -:  259:    {
    #####:  260:      return -1;
        -:  261:    }
        -:  262:
        -:  263:  //reduce number of actions
    #####:  264:  state->numActions--;
        -:  265:
        -:  266:  //update coins (Treasure cards may be added with card draws)
    #####:  267:  updateCoins(state->whoseTurn, state, coin_bonus);
        -:  268:
    #####:  269:  return 0;
        -:  270:}
        -:  271:
    #####:  272:int buyCard(int supplyPos, struct gameState *state) {
        -:  273:  int who;
        -:  274:  if (DEBUG){
        -:  275:    printf("Entering buyCard...\n");
        -:  276:  }
        -:  277:
        -:  278:  // I don't know what to do about the phase thing.
        -:  279:
    #####:  280:  who = state->whoseTurn;
        -:  281:
    #####:  282:  if (state->numBuys < 1){
        -:  283:    if (DEBUG)
        -:  284:      printf("You do not have any buys left\n");
    #####:  285:    return -1;
    #####:  286:  } else if (supplyCount(supplyPos, state) <1){
        -:  287:    if (DEBUG)
        -:  288:      printf("There are not any of that type of card left\n");
    #####:  289:    return -1;
    #####:  290:  } else if (state->coins < getCost(supplyPos)){
        -:  291:    if (DEBUG)
        -:  292:      printf("You do not have enough money to buy that. You have %d coins.\n", state->coins);
    #####:  293:    return -1;
        -:  294:  } else {
    #####:  295:    state->phase=1;
        -:  296:    //state->supplyCount[supplyPos]--;
    #####:  297:    gainCard(supplyPos, state, 0, who); //card goes in discard, this might be wrong.. (2 means goes into hand, 0 goes into discard)
        -:  298:
    #####:  299:    state->coins = (state->coins) - (getCost(supplyPos));
    #####:  300:    state->numBuys--;
        -:  301:    if (DEBUG)
        -:  302:      printf("You bought card number %d for %d coins. You now have %d buys and %d coins.\n", supplyPos, getCost(supplyPos), state->numBuys, state->coins);
        -:  303:  }
        -:  304:
        -:  305:  //state->discard[who][state->discardCount[who]] = supplyPos;
        -:  306:  //state->discardCount[who]++;
        -:  307:
    #####:  308:  return 0;
        -:  309:}
        -:  310:
        4:  311:int numHandCards(struct gameState *state) {
        4:  312:  return state->handCount[ whoseTurn(state) ];
        -:  313:}
        -:  314:
    #####:  315:int handCard(int handPos, struct gameState *state) {
    #####:  316:  int currentPlayer = whoseTurn(state);
    #####:  317:  return state->hand[currentPlayer][handPos];
        -:  318:}
        -:  319:
        1:  320:int supplyCount(int card, struct gameState *state) {
        1:  321:  return state->supplyCount[card];
        -:  322:}
        -:  323:
    #####:  324:int fullDeckCount(int player, int card, struct gameState *state) {
        -:  325:  int i;
    #####:  326:  int count = 0;
        -:  327:
    #####:  328:  for (i = 0; i < state->deckCount[player]; i++)
        -:  329:    {
    #####:  330:      if (state->deck[player][i] == card) count++;
        -:  331:    }
        -:  332:
    #####:  333:  for (i = 0; i < state->handCount[player]; i++)
        -:  334:    {
    #####:  335:      if (state->hand[player][i] == card) count++;
        -:  336:    }
        -:  337:
    #####:  338:  for (i = 0; i < state->discardCount[player]; i++)
        -:  339:    {
    #####:  340:      if (state->discard[player][i] == card) count++;
        -:  341:    }
        -:  342:
    #####:  343:  return count;
        -:  344:}
        -:  345:
        7:  346:int whoseTurn(struct gameState *state) {
        7:  347:  return state->whoseTurn;
        -:  348:}
        -:  349:
    #####:  350:int endTurn(struct gameState *state) {
        -:  351:  int k;
        -:  352:  int i;
    #####:  353:  int currentPlayer = whoseTurn(state);
        -:  354:
        -:  355:  //Discard hand
    #####:  356:  for (i = 0; i < state->handCount[currentPlayer]; i++){
    #####:  357:    state->discard[currentPlayer][state->discardCount[currentPlayer]++] = state->hand[currentPlayer][i];//Discard
    #####:  358:    state->hand[currentPlayer][i] = -1;//Set card to -1
        -:  359:  }
    #####:  360:  state->handCount[currentPlayer] = 0;//Reset hand count
        -:  361:
        -:  362:  //Code for determining the player
    #####:  363:  if (currentPlayer < (state->numPlayers - 1)){
    #####:  364:    state->whoseTurn = currentPlayer + 1;//Still safe to increment
        -:  365:  }
        -:  366:  else{
    #####:  367:    state->whoseTurn = 0;//Max player has been reached, loop back around to player 1
        -:  368:  }
        -:  369:
    #####:  370:  state->outpostPlayed = 0;
    #####:  371:  state->phase = 0;
    #####:  372:  state->numActions = 1;
    #####:  373:  state->coins = 0;
    #####:  374:  state->numBuys = 1;
    #####:  375:  state->playedCardCount = 0;
    #####:  376:  state->handCount[state->whoseTurn] = 0;
        -:  377:
        -:  378:  //int k; move to top
        -:  379:  //Next player draws hand
    #####:  380:  for (k = 0; k < 5; k++){
    #####:  381:    drawCard(state->whoseTurn, state);//Draw a card
        -:  382:  }
        -:  383:
        -:  384:  //Update money
    #####:  385:  updateCoins(state->whoseTurn, state , 0);
        -:  386:
    #####:  387:  return 0;
        -:  388:}
        -:  389:
    #####:  390:int isGameOver(struct gameState *state) {
        -:  391:  int i;
        -:  392:  int j;
        -:  393:
        -:  394:  //if stack of Province cards is empty, the game ends
    #####:  395:  if (state->supplyCount[province] == 0)
        -:  396:    {
    #####:  397:      return 1;
        -:  398:    }
        -:  399:
        -:  400:  //if three supply pile are at 0, the game ends
    #####:  401:  j = 0;
    #####:  402:  for (i = 0; i < 25; i++)
        -:  403:    {
    #####:  404:      if (state->supplyCount[i] == 0)
        -:  405:	{
    #####:  406:	  j++;
        -:  407:	}
        -:  408:    }
    #####:  409:  if ( j >= 3)
        -:  410:    {
    #####:  411:      return 1;
        -:  412:    }
        -:  413:
    #####:  414:  return 0;
        -:  415:}
        -:  416:
    #####:  417:int scoreFor (int player, struct gameState *state) {
        -:  418:
        -:  419:  int i;
    #####:  420:  int score = 0;
        -:  421:  //score from hand
    #####:  422:  for (i = 0; i < state->handCount[player]; i++)
        -:  423:    {
    #####:  424:      if (state->hand[player][i] == curse) { score = score - 1; };
    #####:  425:      if (state->hand[player][i] == estate) { score = score + 1; };
    #####:  426:      if (state->hand[player][i] == duchy) { score = score + 3; };
    #####:  427:      if (state->hand[player][i] == province) { score = score + 6; };
    #####:  428:      if (state->hand[player][i] == great_hall) { score = score + 1; };
    #####:  429:      if (state->hand[player][i] == gardens) { score = score + ( fullDeckCount(player, 0, state) / 10 ); };
        -:  430:    }
        -:  431:
        -:  432:  //score from discard
    #####:  433:  for (i = 0; i < state->discardCount[player]; i++)
        -:  434:    {
    #####:  435:      if (state->discard[player][i] == curse) { score = score - 1; };
    #####:  436:      if (state->discard[player][i] == estate) { score = score + 1; };
    #####:  437:      if (state->discard[player][i] == duchy) { score = score + 3; };
    #####:  438:      if (state->discard[player][i] == province) { score = score + 6; };
    #####:  439:      if (state->discard[player][i] == great_hall) { score = score + 1; };
    #####:  440:      if (state->discard[player][i] == gardens) { score = score + ( fullDeckCount(player, 0, state) / 10 ); };
        -:  441:    }
        -:  442:
        -:  443:  //score from deck
    #####:  444:  for (i = 0; i < state->discardCount[player]; i++)
        -:  445:    {
    #####:  446:      if (state->deck[player][i] == curse) { score = score - 1; };
    #####:  447:      if (state->deck[player][i] == estate) { score = score + 1; };
    #####:  448:      if (state->deck[player][i] == duchy) { score = score + 3; };
    #####:  449:      if (state->deck[player][i] == province) { score = score + 6; };
    #####:  450:      if (state->deck[player][i] == great_hall) { score = score + 1; };
    #####:  451:      if (state->deck[player][i] == gardens) { score = score + ( fullDeckCount(player, 0, state) / 10 ); };
        -:  452:    }
        -:  453:
    #####:  454:  return score;
        -:  455:}
        -:  456:
    #####:  457:int getWinners(int players[MAX_PLAYERS], struct gameState *state) {
        -:  458:  int i;
        -:  459:  int j;
        -:  460:  int highScore;
        -:  461:  int currentPlayer;
        -:  462:
        -:  463:  //get score for each player
    #####:  464:  for (i = 0; i < MAX_PLAYERS; i++)
        -:  465:    {
        -:  466:      //set unused player scores to -9999
    #####:  467:      if (i >= state->numPlayers)
        -:  468:	{
    #####:  469:	  players[i] = -9999;
        -:  470:	}
        -:  471:      else
        -:  472:	{
    #####:  473:	  players[i] = scoreFor (i, state);
        -:  474:	}
        -:  475:    }
        -:  476:
        -:  477:  //find highest score
    #####:  478:  j = 0;
    #####:  479:  for (i = 0; i < MAX_PLAYERS; i++)
        -:  480:    {
    #####:  481:      if (players[i] > players[j])
        -:  482:	{
    #####:  483:	  j = i;
        -:  484:	}
        -:  485:    }
    #####:  486:  highScore = players[j];
        -:  487:
        -:  488:  //add 1 to players who had less turns
    #####:  489:  currentPlayer = whoseTurn(state);
    #####:  490:  for (i = 0; i < MAX_PLAYERS; i++)
        -:  491:    {
    #####:  492:      if ( players[i] == highScore && i > currentPlayer )
        -:  493:	{
    #####:  494:	  players[i]++;
        -:  495:	}
        -:  496:    }
        -:  497:
        -:  498:  //find new highest score
    #####:  499:  j = 0;
    #####:  500:  for (i = 0; i < MAX_PLAYERS; i++)
        -:  501:    {
    #####:  502:      if ( players[i] > players[j] )
        -:  503:	{
    #####:  504:	  j = i;
        -:  505:	}
        -:  506:    }
    #####:  507:  highScore = players[j];
        -:  508:
        -:  509:  //set winners in array to 1 and rest to 0
    #####:  510:  for (i = 0; i < MAX_PLAYERS; i++)
        -:  511:    {
    #####:  512:      if ( players[i] == highScore )
        -:  513:	{
    #####:  514:	  players[i] = 1;
        -:  515:	}
        -:  516:      else
        -:  517:	{
    #####:  518:	  players[i] = 0;
        -:  519:	}
        -:  520:    }
        -:  521:
    #####:  522:  return 0;
        -:  523:}
        -:  524:
       12:  525:int drawCard(int player, struct gameState *state)
        -:  526:{	int count;
        -:  527:  int deckCounter;
       12:  528:  if (state->deckCount[player] <= 0){//Deck is empty
        -:  529:
        -:  530:    //Step 1 Shuffle the discard pile back into a deck
        -:  531:    int i;
        -:  532:    //Move discard to deck
        4:  533:    for (i = 0; i < state->discardCount[player];i++){
    #####:  534:      state->deck[player][i] = state->discard[player][i];
    #####:  535:      state->discard[player][i] = -1;
        -:  536:    }
        -:  537:
        4:  538:    state->deckCount[player] = state->discardCount[player];
        4:  539:    state->discardCount[player] = 0;//Reset discard
        -:  540:
        -:  541:    //Shufffle the deck
        4:  542:    shuffle(player, state);//Shuffle the deck up and make it so that we can draw
        -:  543:
        -:  544:    if (DEBUG){//Debug statements
        -:  545:      printf("Deck count now: %d\n", state->deckCount[player]);
        -:  546:    }
        -:  547:
        4:  548:    state->discardCount[player] = 0;
        -:  549:
        -:  550:    //Step 2 Draw Card
        4:  551:    count = state->handCount[player];//Get current player's hand count
        -:  552:
        -:  553:    if (DEBUG){//Debug statements
        -:  554:      printf("Current hand count: %d\n", count);
        -:  555:    }
        -:  556:
        4:  557:    deckCounter = state->deckCount[player];//Create a holder for the deck count
        -:  558:
        4:  559:    if (deckCounter == 0)
        4:  560:      return -1;
        -:  561:
    #####:  562:    state->hand[player][count] = state->deck[player][deckCounter - 1];//Add card to hand
    #####:  563:    state->deckCount[player]--;
    #####:  564:    state->handCount[player]++;//Increment hand count
        -:  565:  }
        -:  566:
        -:  567:  else{
        8:  568:    int count = state->handCount[player];//Get current hand count for player
        -:  569:    int deckCounter;
        -:  570:    if (DEBUG){//Debug statements
        -:  571:      printf("Current hand count: %d\n", count);
        -:  572:    }
        -:  573:
        8:  574:    deckCounter = state->deckCount[player];//Create holder for the deck count
        8:  575:    state->hand[player][count] = state->deck[player][deckCounter - 1];//Add card to the hand
        8:  576:    state->deckCount[player]--;
        8:  577:    state->handCount[player]++;//Increment hand count
        -:  578:  }
        -:  579:
        8:  580:  return 0;
        -:  581:}
        -:  582:
        2:  583:int getCost(int cardNumber)
        -:  584:{
        2:  585:  switch( cardNumber )
        -:  586:    {
        -:  587:    case curse:
        1:  588:      return 0;
        -:  589:    case estate:
    #####:  590:      return 2;
        -:  591:    case duchy:
    #####:  592:      return 5;
        -:  593:    case province:
    #####:  594:      return 8;
        -:  595:    case copper:
    #####:  596:      return 0;
        -:  597:    case silver:
    #####:  598:      return 3;
        -:  599:    case gold:
    #####:  600:      return 6;
        -:  601:    case adventurer:
    #####:  602:      return 6;
        -:  603:    case council_room:
    #####:  604:      return 5;
        -:  605:    case feast:
    #####:  606:      return 4;
        -:  607:    case gardens:
    #####:  608:      return 4;
        -:  609:    case mine:
    #####:  610:      return 5;
        -:  611:    case remodel:
    #####:  612:      return 4;
        -:  613:    case smithy:
    #####:  614:      return 4;
        -:  615:    case village:
    #####:  616:      return 3;
        -:  617:    case baron:
    #####:  618:      return 4;
        -:  619:    case great_hall:
    #####:  620:      return 3;
        -:  621:    case minion:
    #####:  622:      return 5;
        -:  623:    case steward:
    #####:  624:      return 3;
        -:  625:    case tribute:
    #####:  626:      return 5;
        -:  627:    case ambassador:
    #####:  628:      return 3;
        -:  629:    case cutpurse:
        1:  630:      return 4;
        -:  631:    case embargo:
    #####:  632:      return 2;
        -:  633:    case outpost:
    #####:  634:      return 5;
        -:  635:    case salvager:
    #####:  636:      return 4;
        -:  637:    case sea_hag:
    #####:  638:      return 4;
        -:  639:    case treasure_map:
    #####:  640:      return 4;
        -:  641:    }
        -:  642:
    #####:  643:  return -1;
        -:  644:}
        -:  645:
    #####:  646:int cardEffect(int card, int choice1, int choice2, int choice3, struct gameState *state, int handPos, int *bonus)
        -:  647:{
        -:  648:  int i;
        -:  649:  int j;
        -:  650:  int k;
        -:  651:  int x;
        -:  652:  int index;
    #####:  653:  int currentPlayer = whoseTurn(state);
    #####:  654:  int nextPlayer = currentPlayer + 1;
        -:  655:
    #####:  656:  int tributeRevealedCards[2] = {-1, -1};
        -:  657:  int temphand[MAX_HAND];// moved above the if statement
    #####:  658:  int drawntreasure=0;
        -:  659:  int cardDrawn;
    #####:  660:  int z = 0;// this is the counter for the temp hand
    #####:  661:  if (nextPlayer > (state->numPlayers - 1)){
    #####:  662:    nextPlayer = 0;
        -:  663:  }
        -:  664:
        -:  665:
        -:  666:  //uses switch to select card and perform actions
    #####:  667:  switch( card )
        -:  668:    {
        -:  669:    case adventurer:
    #####:  670:	play_adventurer(drawntreasure, state, currentPlayer, z);
        -:  671:/* Preserve original code. */
        -:  672:/* The following is the original code.  */
        -:  673://      while(drawntreasure<2){
        -:  674://	if (state->deckCount[currentPlayer] <1){//if the deck is empty we need to shuffle discard and add to deck
        -:  675://	  shuffle(currentPlayer, state);
        -:  676://	}
        -:  677://	drawCard(currentPlayer, state);
        -:  678://	cardDrawn = state->hand[currentPlayer][state->handCount[currentPlayer]-1];//top card of hand is most recently drawn card.
        -:  679://	if (cardDrawn == copper || cardDrawn == silver || cardDrawn == gold)
        -:  680://	  drawntreasure++;
        -:  681://	else{
        -:  682://	  temphand[z]=cardDrawn;
        -:  683://	  state->handCount[currentPlayer]--; //this should just remove the top card (the most recently drawn one).
        -:  684://	  z++;
        -:  685://	}
        -:  686://      }
        -:  687://      while(z-1>=0){
        -:  688://	state->discard[currentPlayer][state->discardCount[currentPlayer]++]=temphand[z-1]; // discard all cards in play that have been drawn
        -:  689://	z=z-1;
        -:  690: //     }
    #####:  691:      return 0;
        -:  692:
        -:  693:    case council_room:
    #####:  694:	play_council_room(currentPlayer, state, handPos);
        -:  695:/* Preserve original code. */
        -:  696:/* The following is the original code.  */
        -:  697://     //+4 Cards
        -:  698://      for (i = 0; i < 4; i++)
        -:  699://	{
        -:  700://	  drawCard(currentPlayer, state);
        -:  701://	}
        -:  702://
        -:  703://      //+1 Buy
        -:  704://      state->numBuys++;
        -:  705://
        -:  706://      //Each other player draws a card
        -:  707://      for (i = 0; i < state->numPlayers; i++)
        -:  708://	{
        -:  709://	  if ( i != currentPlayer )
        -:  710://	    {
        -:  711://	      drawCard(i, state);
        -:  712://	    }
        -:  713://	}
        -:  714://
        -:  715://      //put played card in played card pile
        -:  716://      discardCard(handPos, currentPlayer, state, 0);
        -:  717:
    #####:  718:      return 0;
        -:  719:
        -:  720:    case feast:
    #####:  721:	play_feast(state, currentPlayer, choice1);
        -:  722:/* Preserve original code. */
        -:  723:/* The following is the original code.  */
        -:  724://      //gain card with cost up to 5
        -:  725://      //Backup hand
        -:  726://      for (i = 0; i <= state->handCount[currentPlayer]; i++){
        -:  727://	temphand[i] = state->hand[currentPlayer][i];//Backup card
        -:  728://	state->hand[currentPlayer][i] = -1;//Set to nothing
        -:  729://      }
        -:  730://      //Backup hand
        -:  731://
        -:  732://      //Update Coins for Buy
        -:  733://      updateCoins(currentPlayer, state, 5);
        -:  734://      x = 1;//Condition to loop on
        -:  735://      while( x == 1) {//Buy one card
        -:  736://	if (supplyCount(choice1, state) <= 0){
        -:  737://	  if (DEBUG)
        -:  738://	    printf("None of that card left, sorry!\n");
        -:  739://
        -:  740://	  if (DEBUG){
        -:  741://	    printf("Cards Left: %d\n", supplyCount(choice1, state));
        -:  742://	  }
        -:  743://	}
        -:  744://	else if (state->coins < getCost(choice1)){
        -:  745://	  printf("That card is too expensive!\n");
        -:  746://
        -:  747://	  if (DEBUG){
        -:  748://	    printf("Coins: %d < %d\n", state->coins, getCost(choice1));
        -:  749://	  }
        -:  750://	}
        -:  751://	else{
        -:  752://
        -:  753://	  if (DEBUG){
        -:  754://	    printf("Deck Count: %d\n", state->handCount[currentPlayer] + state->deckCount[currentPlayer] + state->discardCount[currentPlayer]);
        -:  755://	  }
        -:  756://
        -:  757://	  gainCard(choice1, state, 0, currentPlayer);//Gain the card
        -:  758://	  x = 0;//No more buying cards
        -:  759://
        -:  760://	  if (DEBUG){
        -:  761://	    printf("Deck Count: %d\n", state->handCount[currentPlayer] + state->deckCount[currentPlayer] + state->discardCount[currentPlayer]);
        -:  762://	  }
        -:  763://
        -:  764://	}
        -:  765://      }
        -:  766://
        -:  767://      //Reset Hand
        -:  768://      for (i = 0; i <= state->handCount[currentPlayer]; i++){
        -:  769://	state->hand[currentPlayer][i] = temphand[i];
        -:  770://	temphand[i] = -1;
        -:  771://      }
        -:  772:      //Reset Hand
        -:  773:
    #####:  774:      return 0;
        -:  775:
        -:  776:    case gardens:
    #####:  777:      return -1;
        -:  778:
        -:  779:    case mine:
    #####:  780:      j = state->hand[currentPlayer][choice1];  //store card we will trash
        -:  781:
    #####:  782:      if (state->hand[currentPlayer][choice1] < copper || state->hand[currentPlayer][choice1] > gold)
        -:  783:	{
    #####:  784:	  return -1;
        -:  785:	}
        -:  786:
    #####:  787:      if (choice2 > treasure_map || choice2 < curse)
        -:  788:	{
    #####:  789:	  return -1;
        -:  790:	}
        -:  791:
    #####:  792:      if ( (getCost(state->hand[currentPlayer][choice1]) + 3) > getCost(choice2) )
        -:  793:	{
    #####:  794:	  return -1;
        -:  795:	}
        -:  796:
    #####:  797:      gainCard(choice2, state, 2, currentPlayer);
        -:  798:
        -:  799:      //discard card from hand
    #####:  800:      discardCard(handPos, currentPlayer, state, 0);
        -:  801:
        -:  802:      //discard trashed card
    #####:  803:      for (i = 0; i < state->handCount[currentPlayer]; i++)
        -:  804:	{
    #####:  805:	  if (state->hand[currentPlayer][i] == j)
        -:  806:	    {
    #####:  807:	      discardCard(i, currentPlayer, state, 0);
    #####:  808:	      break;
        -:  809:	    }
        -:  810:	}
        -:  811:
    #####:  812:      return 0;
        -:  813:
        -:  814:    case remodel:
    #####:  815:	play_remodel(state, currentPlayer, choice1, choice2, handPos);
        -:  816://      j = state->hand[currentPlayer][choice1];  //store card we will trash
        -:  817://
        -:  818://      if ( (getCost(state->hand[currentPlayer][choice1]) + 2) > getCost(choice2) )
        -:  819://	{
        -:  820://	  return -1;
        -:  821://	}
        -:  822://
        -:  823://      gainCard(choice2, state, 0, currentPlayer);
        -:  824://
        -:  825://      //discard card from hand
        -:  826://      discardCard(handPos, currentPlayer, state, 0);
        -:  827://
        -:  828://      //discard trashed card
        -:  829://      for (i = 0; i < state->handCount[currentPlayer]; i++)
        -:  830://	{
        -:  831://	  if (state->hand[currentPlayer][i] == j)
        -:  832://	    {
        -:  833://	      discardCard(i, currentPlayer, state, 0);
        -:  834://	      break;
        -:  835://	    }
        -:  836://	}
        -:  837://
        -:  838://
    #####:  839:      return 0;
        -:  840:
        -:  841:    case smithy:
    #####:  842:	play_smithy(state, currentPlayer, handPos);
        -:  843://      //+3 Cards
        -:  844://      for (i = 0; i < 3; i++)
        -:  845://	{
        -:  846://	  drawCard(currentPlayer, state);
        -:  847://	}
        -:  848://
        -:  849://      //discard card from hand
        -:  850://      discardCard(handPos, currentPlayer, state, 0);
    #####:  851:      return 0;
        -:  852:
        -:  853:    case village:
        -:  854:      //+1 Card
    #####:  855:      drawCard(currentPlayer, state);
        -:  856:
        -:  857:      //+2 Actions
    #####:  858:      state->numActions = state->numActions + 2;
        -:  859:
        -:  860:      //discard played card from hand
    #####:  861:      discardCard(handPos, currentPlayer, state, 0);
    #####:  862:      return 0;
        -:  863:
        -:  864:    case baron:
    #####:  865:      state->numBuys++;//Increase buys by 1!
    #####:  866:      if (choice1 > 0){//Boolean true or going to discard an estate
    #####:  867:	int p = 0;//Iterator for hand!
    #####:  868:	int card_not_discarded = 1;//Flag for discard set!
    #####:  869:	while(card_not_discarded){
    #####:  870:	  if (state->hand[currentPlayer][p] == estate){//Found an estate card!
    #####:  871:	    state->coins += 4;//Add 4 coins to the amount of coins
    #####:  872:	    state->discard[currentPlayer][state->discardCount[currentPlayer]] = state->hand[currentPlayer][p];
    #####:  873:	    state->discardCount[currentPlayer]++;
    #####:  874:	    for (;p < state->handCount[currentPlayer]; p++){
    #####:  875:	      state->hand[currentPlayer][p] = state->hand[currentPlayer][p+1];
        -:  876:	    }
    #####:  877:	    state->hand[currentPlayer][state->handCount[currentPlayer]] = -1;
    #####:  878:	    state->handCount[currentPlayer]--;
    #####:  879:	    card_not_discarded = 0;//Exit the loop
        -:  880:	  }
    #####:  881:	  else if (p > state->handCount[currentPlayer]){
        -:  882:	    if(DEBUG) {
        -:  883:	      printf("No estate cards in your hand, invalid choice\n");
        -:  884:	      printf("Must gain an estate if there are any\n");
        -:  885:	    }
    #####:  886:	    if (supplyCount(estate, state) > 0){
    #####:  887:	      gainCard(estate, state, 0, currentPlayer);
    #####:  888:	      state->supplyCount[estate]--;//Decrement estates
    #####:  889:	      if (supplyCount(estate, state) == 0){
    #####:  890:		isGameOver(state);
        -:  891:	      }
        -:  892:	    }
    #####:  893:	    card_not_discarded = 0;//Exit the loop
        -:  894:	  }
        -:  895:
        -:  896:	  else{
    #####:  897:	    p++;//Next card
        -:  898:	  }
        -:  899:	}
        -:  900:      }
        -:  901:
        -:  902:      else{
    #####:  903:	if (supplyCount(estate, state) > 0){
    #####:  904:	  gainCard(estate, state, 0, currentPlayer);//Gain an estate
    #####:  905:	  state->supplyCount[estate]--;//Decrement Estates
    #####:  906:	  if (supplyCount(estate, state) == 0){
    #####:  907:	    isGameOver(state);
        -:  908:	  }
        -:  909:	}
        -:  910:      }
        -:  911:
        -:  912:
    #####:  913:      return 0;
        -:  914:
        -:  915:    case great_hall:
        -:  916:      //+1 Card
    #####:  917:      drawCard(currentPlayer, state);
        -:  918:
        -:  919:      //+1 Actions
    #####:  920:      state->numActions++;
        -:  921:
        -:  922:      //discard card from hand
    #####:  923:      discardCard(handPos, currentPlayer, state, 0);
    #####:  924:      return 0;
        -:  925:
        -:  926:    case minion:
        -:  927:      //+1 action
    #####:  928:      state->numActions++;
        -:  929:
        -:  930:      //discard card from hand
    #####:  931:      discardCard(handPos, currentPlayer, state, 0);
        -:  932:
    #####:  933:      if (choice1)		//+2 coins
        -:  934:	{
    #####:  935:	  state->coins = state->coins + 2;
        -:  936:	}
        -:  937:
    #####:  938:      else if (choice2)		//discard hand, redraw 4, other players with 5+ cards discard hand and draw 4
        -:  939:	{
        -:  940:	  //discard hand
    #####:  941:	  while(numHandCards(state) > 0)
        -:  942:	    {
    #####:  943:	      discardCard(handPos, currentPlayer, state, 0);
        -:  944:	    }
        -:  945:
        -:  946:	  //draw 4
    #####:  947:	  for (i = 0; i < 4; i++)
        -:  948:	    {
    #####:  949:	      drawCard(currentPlayer, state);
        -:  950:	    }
        -:  951:
        -:  952:	  //other players discard hand and redraw if hand size > 4
    #####:  953:	  for (i = 0; i < state->numPlayers; i++)
        -:  954:	    {
    #####:  955:	      if (i != currentPlayer)
        -:  956:		{
    #####:  957:		  if ( state->handCount[i] > 4 )
        -:  958:		    {
        -:  959:		      //discard hand
    #####:  960:		      while( state->handCount[i] > 0 )
        -:  961:			{
    #####:  962:			  discardCard(handPos, i, state, 0);
        -:  963:			}
        -:  964:
        -:  965:		      //draw 4
    #####:  966:		      for (j = 0; j < 4; j++)
        -:  967:			{
    #####:  968:			  drawCard(i, state);
        -:  969:			}
        -:  970:		    }
        -:  971:		}
        -:  972:	    }
        -:  973:
        -:  974:	}
    #####:  975:      return 0;
        -:  976:
        -:  977:    case steward:
    #####:  978:      if (choice1 == 1)
        -:  979:	{
        -:  980:	  //+2 cards
    #####:  981:	  drawCard(currentPlayer, state);
    #####:  982:	  drawCard(currentPlayer, state);
        -:  983:	}
    #####:  984:      else if (choice1 == 2)
        -:  985:	{
        -:  986:	  //+2 coins
    #####:  987:	  state->coins = state->coins + 2;
        -:  988:	}
        -:  989:      else
        -:  990:	{
        -:  991:	  //trash 2 cards in hand
    #####:  992:	  discardCard(choice2, currentPlayer, state, 1);
    #####:  993:	  discardCard(choice3, currentPlayer, state, 1);
        -:  994:	}
        -:  995:
        -:  996:      //discard card from hand
    #####:  997:      discardCard(handPos, currentPlayer, state, 0);
    #####:  998:      return 0;
        -:  999:
        -: 1000:    case tribute:
    #####: 1001:      if ((state->discardCount[nextPlayer] + state->deckCount[nextPlayer]) <= 1){
    #####: 1002:	if (state->deckCount[nextPlayer] > 0){
    #####: 1003:	  tributeRevealedCards[0] = state->deck[nextPlayer][state->deckCount[nextPlayer]-1];
    #####: 1004:	  state->deckCount[nextPlayer]--;
        -: 1005:	}
    #####: 1006:	else if (state->discardCount[nextPlayer] > 0){
    #####: 1007:	  tributeRevealedCards[0] = state->discard[nextPlayer][state->discardCount[nextPlayer]-1];
    #####: 1008:	  state->discardCount[nextPlayer]--;
        -: 1009:	}
        -: 1010:	else{
        -: 1011:	  //No Card to Reveal
        -: 1012:	  if (DEBUG){
        -: 1013:	    printf("No cards to reveal\n");
        -: 1014:	  }
        -: 1015:	}
        -: 1016:      }
        -: 1017:
        -: 1018:      else{
    #####: 1019:	if (state->deckCount[nextPlayer] == 0){
    #####: 1020:	  for (i = 0; i < state->discardCount[nextPlayer]; i++){
    #####: 1021:	    state->deck[nextPlayer][i] = state->discard[nextPlayer][i];//Move to deck
    #####: 1022:	    state->deckCount[nextPlayer]++;
    #####: 1023:	    state->discard[nextPlayer][i] = -1;
    #####: 1024:	    state->discardCount[nextPlayer]--;
        -: 1025:	  }
        -: 1026:
    #####: 1027:	  shuffle(nextPlayer,state);//Shuffle the deck
        -: 1028:	}
    #####: 1029:	tributeRevealedCards[0] = state->deck[nextPlayer][state->deckCount[nextPlayer]-1];
    #####: 1030:	state->deck[nextPlayer][state->deckCount[nextPlayer]--] = -1;
    #####: 1031:	state->deckCount[nextPlayer]--;
    #####: 1032:	tributeRevealedCards[1] = state->deck[nextPlayer][state->deckCount[nextPlayer]-1];
    #####: 1033:	state->deck[nextPlayer][state->deckCount[nextPlayer]--] = -1;
    #####: 1034:	state->deckCount[nextPlayer]--;
        -: 1035:      }
        -: 1036:
    #####: 1037:      if (tributeRevealedCards[0] == tributeRevealedCards[1]){//If we have a duplicate card, just drop one
    #####: 1038:	state->playedCards[state->playedCardCount] = tributeRevealedCards[1];
    #####: 1039:	state->playedCardCount++;
    #####: 1040:	tributeRevealedCards[1] = -1;
        -: 1041:      }
        -: 1042:
    #####: 1043:      for (i = 0; i <= 2; i ++){
    #####: 1044:	if (tributeRevealedCards[i] == copper || tributeRevealedCards[i] == silver || tributeRevealedCards[i] == gold){//Treasure cards
    #####: 1045:	  state->coins += 2;
        -: 1046:	}
        -: 1047:
    #####: 1048:	else if (tributeRevealedCards[i] == estate || tributeRevealedCards[i] == duchy || tributeRevealedCards[i] == province || tributeRevealedCards[i] == gardens || tributeRevealedCards[i] == great_hall){//Victory Card Found
    #####: 1049:	  drawCard(currentPlayer, state);
    #####: 1050:	  drawCard(currentPlayer, state);
        -: 1051:	}
        -: 1052:	else{//Action Card
    #####: 1053:	  state->numActions = state->numActions + 2;
        -: 1054:	}
        -: 1055:      }
        -: 1056:
    #####: 1057:      return 0;
        -: 1058:
        -: 1059:    case ambassador:
    #####: 1060:      j = 0;		//used to check if player has enough cards to discard
        -: 1061:
    #####: 1062:      if (choice2 > 2 || choice2 < 0)
        -: 1063:	{
    #####: 1064:	  return -1;
        -: 1065:	}
        -: 1066:
    #####: 1067:      if (choice1 == handPos)
        -: 1068:	{
    #####: 1069:	  return -1;
        -: 1070:	}
        -: 1071:
    #####: 1072:      for (i = 0; i < state->handCount[currentPlayer]; i++)
        -: 1073:	{
    #####: 1074:	  if (i != handPos && i == state->hand[currentPlayer][choice1] && i != choice1)
        -: 1075:	    {
    #####: 1076:	      j++;
        -: 1077:	    }
        -: 1078:	}
    #####: 1079:      if (j < choice2)
        -: 1080:	{
    #####: 1081:	  return -1;
        -: 1082:	}
        -: 1083:
        -: 1084:      if (DEBUG)
        -: 1085:	printf("Player %d reveals card number: %d\n", currentPlayer, state->hand[currentPlayer][choice1]);
        -: 1086:
        -: 1087:      //increase supply count for choosen card by amount being discarded
    #####: 1088:      state->supplyCount[state->hand[currentPlayer][choice1]] += choice2;
        -: 1089:
        -: 1090:      //each other player gains a copy of revealed card
    #####: 1091:      for (i = 0; i < state->numPlayers; i++)
        -: 1092:	{
    #####: 1093:	  if (i != currentPlayer)
        -: 1094:	    {
    #####: 1095:	      gainCard(state->hand[currentPlayer][choice1], state, 0, i);
        -: 1096:	    }
        -: 1097:	}
        -: 1098:
        -: 1099:      //discard played card from hand
    #####: 1100:      discardCard(handPos, currentPlayer, state, 0);
        -: 1101:
        -: 1102:      //trash copies of cards returned to supply
    #####: 1103:      for (j = 0; j < choice2; j++)
        -: 1104:	{
    #####: 1105:	  for (i = 0; i < state->handCount[currentPlayer]; i++)
        -: 1106:	    {
    #####: 1107:	      if (state->hand[currentPlayer][i] == state->hand[currentPlayer][choice1])
        -: 1108:		{
    #####: 1109:		  discardCard(i, currentPlayer, state, 1);
    #####: 1110:		  break;
        -: 1111:		}
        -: 1112:	    }
        -: 1113:	}
        -: 1114:
    #####: 1115:      return 0;
        -: 1116:
        -: 1117:    case cutpurse:
        -: 1118:
    #####: 1119:      updateCoins(currentPlayer, state, 2);
    #####: 1120:      for (i = 0; i < state->numPlayers; i++)
        -: 1121:	{
    #####: 1122:	  if (i != currentPlayer)
        -: 1123:	    {
    #####: 1124:	      for (j = 0; j < state->handCount[i]; j++)
        -: 1125:		{
    #####: 1126:		  if (state->hand[i][j] == copper)
        -: 1127:		    {
    #####: 1128:		      discardCard(j, i, state, 0);
    #####: 1129:		      break;
        -: 1130:		    }
    #####: 1131:		  if (j == state->handCount[i])
        -: 1132:		    {
    #####: 1133:		      for (k = 0; k < state->handCount[i]; k++)
        -: 1134:			{
        -: 1135:			  if (DEBUG)
        -: 1136:			    printf("Player %d reveals card number %d\n", i, state->hand[i][k]);
        -: 1137:			}
    #####: 1138:		      break;
        -: 1139:		    }
        -: 1140:		}
        -: 1141:
        -: 1142:	    }
        -: 1143:
        -: 1144:	}
        -: 1145:
        -: 1146:      //discard played card from hand
    #####: 1147:      discardCard(handPos, currentPlayer, state, 0);
        -: 1148:
    #####: 1149:      return 0;
        -: 1150:
        -: 1151:
        -: 1152:    case embargo:
        -: 1153:      //+2 Coins
    #####: 1154:      state->coins = state->coins + 2;
        -: 1155:
        -: 1156:      //see if selected pile is in play
    #####: 1157:      if ( state->supplyCount[choice1] == -1 )
        -: 1158:	{
    #####: 1159:	  return -1;
        -: 1160:	}
        -: 1161:
        -: 1162:      //add embargo token to selected supply pile
    #####: 1163:      state->embargoTokens[choice1]++;
        -: 1164:
        -: 1165:      //trash card
    #####: 1166:      discardCard(handPos, currentPlayer, state, 1);
    #####: 1167:      return 0;
        -: 1168:
        -: 1169:    case outpost:
        -: 1170:      //set outpost flag
    #####: 1171:      state->outpostPlayed++;
        -: 1172:
        -: 1173:      //discard card
    #####: 1174:      discardCard(handPos, currentPlayer, state, 0);
    #####: 1175:      return 0;
        -: 1176:
        -: 1177:    case salvager:
        -: 1178:      //+1 buy
    #####: 1179:      state->numBuys++;
        -: 1180:
    #####: 1181:      if (choice1)
        -: 1182:	{
        -: 1183:	  //gain coins equal to trashed card
    #####: 1184:	  state->coins = state->coins + getCost( handCard(choice1, state) );
        -: 1185:	  //trash card
    #####: 1186:	  discardCard(choice1, currentPlayer, state, 1);
        -: 1187:	}
        -: 1188:
        -: 1189:      //discard card
    #####: 1190:      discardCard(handPos, currentPlayer, state, 0);
    #####: 1191:      return 0;
        -: 1192:
        -: 1193:    case sea_hag:
    #####: 1194:      for (i = 0; i < state->numPlayers; i++){
    #####: 1195:	if (i != currentPlayer){
    #####: 1196:	  state->discard[i][state->discardCount[i]] = state->deck[i][state->deckCount[i]--];			    state->deckCount[i]--;
    #####: 1197:	  state->discardCount[i]++;
    #####: 1198:	  state->deck[i][state->deckCount[i]--] = curse;//Top card now a curse
        -: 1199:	}
        -: 1200:      }
    #####: 1201:      return 0;
        -: 1202:
        -: 1203:    case treasure_map:
        -: 1204:      //search hand for another treasure_map
    #####: 1205:      index = -1;
    #####: 1206:      for (i = 0; i < state->handCount[currentPlayer]; i++)
        -: 1207:	{
    #####: 1208:	  if (state->hand[currentPlayer][i] == treasure_map && i != handPos)
        -: 1209:	    {
    #####: 1210:	      index = i;
    #####: 1211:	      break;
        -: 1212:	    }
        -: 1213:	}
    #####: 1214:      if (index > -1)
        -: 1215:	{
        -: 1216:	  //trash both treasure cards
    #####: 1217:	  discardCard(handPos, currentPlayer, state, 1);
    #####: 1218:	  discardCard(index, currentPlayer, state, 1);
        -: 1219:
        -: 1220:	  //gain 4 Gold cards
    #####: 1221:	  for (i = 0; i < 4; i++)
        -: 1222:	    {
    #####: 1223:	      gainCard(gold, state, 1, currentPlayer);
        -: 1224:	    }
        -: 1225:
        -: 1226:	  //return success
    #####: 1227:	  return 1;
        -: 1228:	}
        -: 1229:
        -: 1230:      //no second treasure_map found in hand
    #####: 1231:      return -1;
        -: 1232:    }
        -: 1233:
    #####: 1234:  return -1;
        -: 1235:}
        -: 1236:
        3: 1237:int discardCard(int handPos, int currentPlayer, struct gameState *state, int trashFlag)
        -: 1238:{
        -: 1239:
        -: 1240:  //if card is not trashed, added to Played pile
        3: 1241:  if (trashFlag < 1)
        -: 1242:    {
        -: 1243:      //add card to played pile
        3: 1244:      state->playedCards[state->playedCardCount] = state->hand[currentPlayer][handPos];
        3: 1245:      state->playedCardCount++;
        -: 1246:    }
        -: 1247:
        -: 1248:  //set played card to -1
        3: 1249:  state->hand[currentPlayer][handPos] = -1;
        -: 1250:
        -: 1251:  //remove card from player's hand
        3: 1252:  if ( handPos == (state->handCount[currentPlayer] - 1) ) 	//last card in hand array is played
        -: 1253:    {
        -: 1254:      //reduce number of cards in hand
    #####: 1255:      state->handCount[currentPlayer]--;
        -: 1256:    }
        3: 1257:  else if ( state->handCount[currentPlayer] == 1 ) //only one card in hand
        -: 1258:    {
        -: 1259:      //reduce number of cards in hand
    #####: 1260:      state->handCount[currentPlayer]--;
        -: 1261:    }
        -: 1262:  else
        -: 1263:    {
        -: 1264:      //replace discarded card with last card in hand
        3: 1265:      state->hand[currentPlayer][handPos] = state->hand[currentPlayer][ (state->handCount[currentPlayer] - 1)];
        -: 1266:      //set last card to -1
        3: 1267:      state->hand[currentPlayer][state->handCount[currentPlayer] - 1] = -1;
        -: 1268:      //reduce number of cards in hand
        3: 1269:      state->handCount[currentPlayer]--;
        -: 1270:    }
        -: 1271:
        3: 1272:  return 0;
        -: 1273:}
        -: 1274:
        1: 1275:int gainCard(int supplyPos, struct gameState *state, int toFlag, int player)
        -: 1276:{
        -: 1277:  //Note: supplyPos is enum of choosen card
        -: 1278:
        -: 1279:  //check if supply pile is empty (0) or card is not used in game (-1)
        1: 1280:  if ( supplyCount(supplyPos, state) < 1 )
        -: 1281:    {
        1: 1282:      return -1;
        -: 1283:    }
        -: 1284:
        -: 1285:  //added card for [whoseTurn] current player:
        -: 1286:  // toFlag = 0 : add to discard
        -: 1287:  // toFlag = 1 : add to deck
        -: 1288:  // toFlag = 2 : add to hand
        -: 1289:
    #####: 1290:  if (toFlag == 1)
        -: 1291:    {
    #####: 1292:      state->deck[ player ][ state->deckCount[player] ] = supplyPos;
    #####: 1293:      state->deckCount[player]++;
        -: 1294:    }
    #####: 1295:  else if (toFlag == 2)
        -: 1296:    {
    #####: 1297:      state->hand[ player ][ state->handCount[player] ] = supplyPos;
    #####: 1298:      state->handCount[player]++;
        -: 1299:    }
        -: 1300:  else
        -: 1301:    {
    #####: 1302:      state->discard[player][ state->discardCount[player] ] = supplyPos;
    #####: 1303:      state->discardCount[player]++;
        -: 1304:    }
        -: 1305:
        -: 1306:  //decrease number in supply pile
    #####: 1307:  state->supplyCount[supplyPos]--;
        -: 1308:
    #####: 1309:  return 0;
        -: 1310:}
        -: 1311:
        1: 1312:int updateCoins(int player, struct gameState *state, int bonus)
        -: 1313:{
        -: 1314:  int i;
        -: 1315:
        -: 1316:  //reset coin count
        1: 1317:  state->coins = 0;
        -: 1318:
        -: 1319:  //add coins for each Treasure card in player's hand
        6: 1320:  for (i = 0; i < state->handCount[player]; i++)
        -: 1321:    {
        5: 1322:      if (state->hand[player][i] == copper)
        -: 1323:	{
        4: 1324:	  state->coins += 1;
        -: 1325:	}
        1: 1326:      else if (state->hand[player][i] == silver)
        -: 1327:	{
    #####: 1328:	  state->coins += 2;
        -: 1329:	}
        1: 1330:      else if (state->hand[player][i] == gold)
        -: 1331:	{
    #####: 1332:	  state->coins += 3;
        -: 1333:	}
        -: 1334:    }
        -: 1335:
        -: 1336:  //add bonus
        1: 1337:  state->coins += bonus;
        -: 1338:
        1: 1339:  return 0;
        -: 1340:}
        -: 1341:/*********************************************************************
        -: 1342: * Student code, add in functions for cards
        -: 1343: * by Suzi O'Rourke
        -: 1344: * 10/8/17
        -: 1345: *
        -: 1346: * *****************************************************************/
        -: 1347:// Adventurer
        1: 1348:int play_adventurer(int drawntreasure, struct gameState *state, int currentPlayer, int z)
        -: 1349:{
        -: 1350:      int cardDrawn, temphand[MAX_HAND];
        5: 1351:      while(drawntreasure<=2){ //added logic error, adding =.
        3: 1352:	if (state->deckCount[currentPlayer] <1){//if the deck is empty we need to shuffle discard and add to deck
    #####: 1353:	  shuffle(currentPlayer, state);
        -: 1354:	}
        3: 1355:	drawCard(currentPlayer, state);
        3: 1356:	cardDrawn = state->hand[currentPlayer][state->handCount[currentPlayer]-1];//top card of hand is most recently drawn card.
        3: 1357:	if (cardDrawn == copper || cardDrawn == silver || cardDrawn == gold)
        1: 1358:	  drawntreasure++;
        -: 1359:	else{
        2: 1360:	  temphand[z]=cardDrawn;
        2: 1361:	  state->handCount[currentPlayer]--; //this should just remove the top card (the most recently drawn one).
        2: 1362:	  z++;
        -: 1363:	}
        -: 1364:      }
        5: 1365:      while(z-1>=0){
        3: 1366:	state->discard[currentPlayer][state->discardCount[currentPlayer]++]=temphand[z-1]; // discard all cards in play that have been drawn
        3: 1367:	z=z-1;
        -: 1368:      }
        1: 1369:      return 0;
        -: 1370:}
        -: 1371:// Smithy
        1: 1372:int play_smithy(struct gameState *state, int currentPlayer, int handPos)
        -: 1373:{
        -: 1374:	int i;
        5: 1375:      for (i = 0; i <= 3; i++)	//one of the easiest errors is logic, in this case = added to for loop.
        -: 1376:	{
        4: 1377:	  drawCard(currentPlayer, state);
        -: 1378:	}
        -: 1379:      // card pile
        1: 1380:      discardCard(handPos, currentPlayer, state, 0);
        -: 1381:
        1: 1382:      return 0;
        -: 1383:}
        -: 1384:// Feast
    #####: 1385:int play_feast(struct gameState *state, int currentPlayer, int choice1)
        -: 1386:{
        -: 1387:      int x;
        -: 1388:      int temphand[MAX_HAND];
        -: 1389:      //gain card with cost up to 5
        -: 1390:      //Backup hand
        -: 1391:      int i;
    #####: 1392:      for (i = 0; i < state->handCount[currentPlayer]; i++){	//logic issue, removed = in for loop.
    #####: 1393:	temphand[i] = state->hand[currentPlayer][i];//Backup card
    #####: 1394:	state->hand[currentPlayer][i] = -1;//Set to nothing
        -: 1395:      }
        -: 1396:      //Backup hand
        -: 1397:
        -: 1398:      //Update Coins for Buy
    #####: 1399:      updateCoins(currentPlayer, state, 5);
    #####: 1400:      x = 1;//Condition to loop on
    #####: 1401:      while( x == 1) {//Buy one card
    #####: 1402:	if (supplyCount(choice1, state) <= 0){
        -: 1403:	  if (DEBUG)
        -: 1404:	    printf("None of that card left, sorry!\n");
        -: 1405:
        -: 1406:	  if (DEBUG){
        -: 1407:	    printf("Cards Left: %d\n", supplyCount(choice1, state));
        -: 1408:	  }
        -: 1409:	}
    #####: 1410:	else if (state->coins < getCost(choice1)){
    #####: 1411:	  printf("That card is too expensive!\n");
        -: 1412:
        -: 1413:	  if (DEBUG){
        -: 1414:	    printf("Coins: %d < %d\n", state->coins, getCost(choice1));
        -: 1415:	  }
        -: 1416:	}
        -: 1417:	else{
        -: 1418:
        -: 1419:	  if (DEBUG){
        -: 1420:	    printf("Deck Count: %d\n", state->handCount[currentPlayer] + state->deckCount[currentPlayer] + state->discardCount[currentPlayer]);
        -: 1421:	  }
        -: 1422:
    #####: 1423:	  gainCard(choice1, state, 0, currentPlayer);//Gain the card
    #####: 1424:	  x = 0;//No more buying cards
        -: 1425:
        -: 1426:	  if (DEBUG){
        -: 1427:	    printf("Deck Count: %d\n", state->handCount[currentPlayer] + state->deckCount[currentPlayer] + state->discardCount[currentPlayer]);
        -: 1428:	  }
        -: 1429:
        -: 1430:	}
        -: 1431:      }
        -: 1432:
        -: 1433:      //Reset Hand
    #####: 1434:      for (i = 0; i <= state->handCount[currentPlayer]; i++){
    #####: 1435:	state->hand[currentPlayer][i] = temphand[i];
    #####: 1436:	temphand[i] = -1;
        -: 1437:      }
        -: 1438:      //Reset Hand
        -: 1439:
    #####: 1440:      return 0;
        -: 1441:}
        -: 1442:// Council Room
    #####: 1443:int play_council_room(int currentPlayer, struct gameState *state, int handPos)
        -: 1444:{
        -: 1445:   int i;
        -: 1446:     //+4 Cards
    #####: 1447:      for (i = 1; i < 4; i++)	//logic issue, starting at 1 instead of 0. Will get 3 cards instead of 4.
        -: 1448:	{
    #####: 1449:	  drawCard(currentPlayer, state);
        -: 1450:	}
        -: 1451:
        -: 1452:      //+1 Buy
    #####: 1453:      state->numBuys++;
        -: 1454:
        -: 1455:      //Each other player draws a card
    #####: 1456:      for (i = 0; i < state->numPlayers; i++)
        -: 1457:	{
    #####: 1458:	  if ( i != currentPlayer )
        -: 1459:	    {
    #####: 1460:	      drawCard(i, state);
        -: 1461:	    }
        -: 1462:	}
        -: 1463:
        -: 1464:      //put played card in played card pile
    #####: 1465:      discardCard(handPos, currentPlayer, state, 0);
        -: 1466:
    #####: 1467:      return 0;
        -: 1468:}
        -: 1469:// Remodel
        1: 1470:int play_remodel(struct gameState *state, int currentPlayer, int choice1, int choice2, int handPos)
        -: 1471:{
        -: 1472:      	int i, j;
        1: 1473:	j = state->hand[currentPlayer][choice1];  //store card we will trash
        -: 1474:
        1: 1475:      if ( (getCost(state->hand[currentPlayer][choice1]) + 2) >=  getCost(choice2) ) //error in logic, = added.
        -: 1476:	{
    #####: 1477:	  return -1;
        -: 1478:	}
        -: 1479:
        1: 1480:      gainCard(choice2, state, 0, currentPlayer);
        -: 1481:
        -: 1482:      //discard card from hand
        1: 1483:      discardCard(handPos, currentPlayer, state, 0);
        -: 1484:
        -: 1485:      //discard trashed card
        1: 1486:      for (i = 0; i < state->handCount[currentPlayer]; i++)
        -: 1487:	{
        1: 1488:	  if (state->hand[currentPlayer][i] == j)
        -: 1489:	    {
        1: 1490:	      discardCard(i, currentPlayer, state, 0);
        1: 1491:	      break;
        -: 1492:	    }
        -: 1493:	}
        -: 1494:
        -: 1495:
        1: 1496:      return 0;
        -: 1497:}
        -: 1498://end of dominion.c
        -: 1499:
